<?xml version="1.0" encoding="utf-8"?><testsuites name="pytest tests"><testsuite name="pytest" errors="0" failures="0" skipped="0" tests="31" time="5.189" timestamp="2026-07-01T18:11:57.358638+00:00" hostname="agent-env-c9211d68-5b3d-4629-b7a7-ca38350302f8"><testcase classname="tests.test_iteration2_auth_rbac.TestAuth" name="test_login_admin_success" time="0.598" /><testcase classname="tests.test_iteration2_auth_rbac.TestAuth" name="test_login_wrong_password" time="0.297" /><testcase classname="tests.test_iteration2_auth_rbac.TestAuth" name="test_me_without_token" time="0.082" /><testcase classname="tests.test_iteration2_auth_rbac.TestAuth" name="test_me_with_token" time="0.075" /><testcase classname="tests.test_iteration2_auth_rbac.TestUsersAdmin" name="test_create_asesor_as_admin" time="0.302" /><testcase classname="tests.test_iteration2_auth_rbac.TestUsersAdmin" name="test_login_asesor" time="0.301" /><testcase classname="tests.test_iteration2_auth_rbac.TestUsersAdmin" name="test_asesor_cannot_create_user" time="0.080" /><testcase classname="tests.test_iteration2_auth_rbac.TestUsersAdmin" name="test_asesor_cannot_list_users" time="0.073" /><testcase classname="tests.test_iteration2_auth_rbac.TestClientsOcupacion" name="test_create_client_with_ocupacion" time="0.147" /><testcase classname="tests.test_iteration2_auth_rbac.TestClientsOcupacion" name="test_dni_validation_still_works" time="0.073" /><testcase classname="tests.test_iteration2_auth_rbac.TestClientsOcupacion" name="test_telefono_validation" time="0.073" /><testcase classname="tests.test_iteration2_auth_rbac.TestClientsOcupacion" name="test_nombre_required" time="0.072" /><testcase classname="tests.test_iteration2_auth_rbac.TestCreditsRBAC" name="test_admin_creates_credit_assigns_self" time="0.173" /><testcase classname="tests.test_iteration2_auth_rbac.TestCreditsRBAC" name="test_asesor_creates_credit_assigns_self" time="0.072" /><testcase classname="tests.test_iteration2_auth_rbac.TestCreditsRBAC" name="test_asesor_list_credits_only_own" time="0.074" /><testcase classname="tests.test_iteration2_auth_rbac.TestCreditsRBAC" name="test_admin_list_credits_all" time="0.071" /><testcase classname="tests.test_iteration2_auth_rbac.TestCreditsRBAC" name="test_asesor_cannot_access_other_credit" time="0.079" /><testcase classname="tests.test_iteration2_auth_rbac.TestCreditsRBAC" name="test_asesor_cannot_reassign" time="0.072" /><testcase classname="tests.test_iteration2_auth_rbac.TestCreditsRBAC" name="test_admin_reassigns_credit" time="0.146" /><testcase classname="tests.test_iteration2_auth_rbac.TestPagoAtendio" name="test_pagar_atendioPor_is_user_name" time="0.080" /><testcase classname="tests.test_iteration2_auth_rbac.TestReminders" name="test_reminders_structure_asesor" time="0.082" /><testcase classname="tests.test_iteration2_auth_rbac.TestReminders" name="test_reminders_admin_all" time="0.075" /><testcase classname="tests.test_iteration2_auth_rbac.TestReminders" name="test_mark_reminder_updates_recordadoEn" time="0.214" /><testcase classname="tests.test_iteration2_auth_rbac.TestReports" name="test_cobranzas_asesor_only_own" time="0.077" /><testcase classname="tests.test_iteration2_auth_rbac.TestBackup" name="test_backup_admin" time="0.077" /><testcase classname="tests.test_iteration2_auth_rbac.TestBackup" name="test_backup_asesor_forbidden" time="0.092" /><testcase classname="tests.test_iteration2_auth_rbac.TestChangePassword" name="test_change_password_wrong_current" time="0.296" /><testcase classname="tests.test_iteration2_auth_rbac.TestChangePassword" name="test_change_password_success" time="0.807" /><testcase classname="tests.test_iteration2_auth_rbac.TestDeleteUser" name="test_cannot_delete_asesor_with_credits" time="0.072" /><testcase classname="tests.test_iteration2_auth_rbac.TestDeleteUser" name="test_cannot_delete_admin" time="0.072" /><testcase classname="tests.test_iteration2_auth_rbac.TestZCleanup" name="test_delete_credits_and_client" time="0.285" /></testsuite></testsuites>