<?xml version="1.0" encoding="utf-8"?><testsuites name="pytest tests"><testsuite name="pytest" errors="0" failures="0" skipped="0" tests="14" time="3.267" timestamp="2026-07-01T18:42:12.152331+00:00" hostname="agent-env-c9211d68-5b3d-4629-b7a7-ca38350302f8"><testcase classname="tests.test_iteration3_ranking_diario.TestDiarioLunSab" name="test_diario_starts_friday_8_cuotas" time="0.691" /><testcase classname="tests.test_iteration3_ranking_diario.TestDiarioLunSab" name="test_diario_starts_saturday" time="0.056" /><testcase classname="tests.test_iteration3_ranking_diario.TestDiarioLunSab" name="test_diario_starts_sunday" time="0.067" /><testcase classname="tests.test_iteration3_ranking_diario.TestRankingRBAC" name="test_no_auth_401" time="0.184" /><testcase classname="tests.test_iteration3_ranking_diario.TestRankingRBAC" name="test_asesor_403" time="0.810" /><testcase classname="tests.test_iteration3_ranking_diario.TestRankingRBAC" name="test_admin_ok_mes" time="0.084" /><testcase classname="tests.test_iteration3_ranking_diario.TestRankingRBAC" name="test_periods" time="0.210" /><testcase classname="tests.test_iteration3_ranking_diario.TestRankingRBAC" name="test_invalid_period_422" time="0.081" /><testcase classname="tests.test_iteration3_ranking_diario.TestRankingData" name="test_seed_and_verify" time="0.322" /><testcase classname="tests.test_iteration3_ranking_diario.TestRankingData" name="test_sum_cobrado_matches_cobranzas" time="0.144" /><testcase classname="tests.test_iteration3_ranking_diario.TestMoraExoneracion" name="test_pago_con_mora_cero" time="0.112" /><testcase classname="tests.test_iteration3_ranking_diario.TestZCleanup" name="test_delete_credits" time="0.290" /><testcase classname="tests.test_iteration3_ranking_diario.TestZCleanup" name="test_delete_client" time="0.066" /><testcase classname="tests.test_iteration3_ranking_diario.TestZCleanup" name="test_delete_asesor" time="0.070" /></testsuite></testsuites>