<?xml version="1.0" encoding="utf-8"?><testsuites name="pytest tests"><testsuite name="pytest" errors="0" failures="0" skipped="0" tests="23" time="1.858" timestamp="2026-07-01T17:44:22.604348+00:00" hostname="agent-env-c9211d68-5b3d-4629-b7a7-ca38350302f8"><testcase classname="tests.test_cartera_creditos.TestConfig" name="test_get_config" time="0.206" /><testcase classname="tests.test_cartera_creditos.TestConfig" name="test_update_config_persists" time="0.122" /><testcase classname="tests.test_cartera_creditos.TestClients" name="test_create_client_valid" time="0.058" /><testcase classname="tests.test_cartera_creditos.TestClients" name="test_get_client_persisted" time="0.060" /><testcase classname="tests.test_cartera_creditos.TestClients" name="test_list_clients" time="0.059" /><testcase classname="tests.test_cartera_creditos.TestClients" name="test_create_client_invalid_dni" time="0.059" /><testcase classname="tests.test_cartera_creditos.TestClients" name="test_create_client_invalid_telefono" time="0.060" /><testcase classname="tests.test_cartera_creditos.TestClients" name="test_create_client_missing_nombre" time="0.056" /><testcase classname="tests.test_cartera_creditos.TestClients" name="test_update_client" time="0.121" /><testcase classname="tests.test_cartera_creditos.TestCredits" name="test_create_credit" time="0.084" /><testcase classname="tests.test_cartera_creditos.TestCredits" name="test_credit_invalid_client" time="0.062" /><testcase classname="tests.test_cartera_creditos.TestCredits" name="test_credit_zero_capital" time="0.065" /><testcase classname="tests.test_cartera_creditos.TestCredits" name="test_get_credit" time="0.058" /><testcase classname="tests.test_cartera_creditos.TestCredits" name="test_pagar_cuota" time="0.061" /><testcase classname="tests.test_cartera_creditos.TestCredits" name="test_cannot_pay_twice" time="0.060" /><testcase classname="tests.test_cartera_creditos.TestMora" name="test_mora_preview_no_atraso" time="0.060" /><testcase classname="tests.test_cartera_creditos.TestMora" name="test_mora_preview_paid" time="0.061" /><testcase classname="tests.test_cartera_creditos.TestReports" name="test_cobranzas_report" time="0.061" /><testcase classname="tests.test_cartera_creditos.TestBackup" name="test_export_backup" time="0.060" /><testcase classname="tests.test_cartera_creditos.TestZCleanup" name="test_cannot_delete_client_with_credits" time="0.055" /><testcase classname="tests.test_cartera_creditos.TestZCleanup" name="test_delete_credit" time="0.117" /><testcase classname="tests.test_cartera_creditos.TestZCleanup" name="test_delete_client" time="0.122" /><testcase classname="tests.test_cartera_creditos.TestZCleanup" name="test_reset_config" time="0.065" /></testsuite></testsuites>